#
# There is insufficient memory for the Java Runtime Environment to continue.
# Native memory allocation (malloc) failed to allocate 32744 bytes for ChunkPool::allocate
# Possible reasons:
#   The system is out of physical RAM or swap space
#   The process is running with CompressedOops enabled, and the Java Heap may be blocking the growth of the native heap
# Possible solutions:
#   Reduce memory load on the system
#   Increase physical memory or swap space
#   Check if swap backing store is full
#   Decrease Java heap size (-Xmx/-Xms)
#   Decrease number of Java threads
#   Decrease Java thread stack sizes (-Xss)
#   Set larger code cache with -XX:ReservedCodeCacheSize=
#   JVM is running with Unscaled Compressed Oops mode in which the Java heap is
#     placed in the first 4GB address space. The Java Heap base address is the
#     maximum limit for the native heap growth. Please use -XX:HeapBaseMinAddress
#     to set the Java Heap base and to place the Java Heap above 4GB virtual address.
# This output file may be truncated or incomplete.
#
#  Out of Memory Error (allocation.cpp:272), pid=16632, tid=0x0000000000004b14
#
# JRE version: Java(TM) SE Runtime Environment (8.0_221-b11) (build 1.8.0_221-b11)
# Java VM: Java HotSpot(TM) 64-Bit Server VM (25.221-b11 mixed mode windows-amd64 compressed oops)
# Failed to write core dump. Minidumps are not enabled by default on client versions of Windows
#

---------------  T H R E A D  ---------------

Current thread (0x000000000d137000):  JavaThread "C2 CompilerThread1" daemon [_thread_in_vm, id=19220, stack(0x000000000e890000,0x000000000e990000)]

Stack: [0x000000000e890000,0x000000000e990000]
[error occurred during error reporting (printing stack bounds), id 0xc0000005]

Native frames: (J=compiled Java code, j=interpreted, Vv=VM code, C=native code)


Current CompileTask:
C2:1894209 27257       4       play.twirl.compiler.Hash$::$anonfun$apply$3 (36 bytes)


---------------  P R O C E S S  ---------------

Java Threads: ( => current thread )
  0x000000002349b800 JavaThread "pool-44-thread-6" [_thread_blocked, id=11640, stack(0x000000003a140000,0x000000003a240000)]
  0x000000002349c000 JavaThread "pool-44-thread-5" [_thread_in_Java, id=11572, stack(0x000000003a040000,0x000000003a140000)]
  0x00000000234a2000 JavaThread "pool-44-thread-4" [_thread_blocked, id=20148, stack(0x0000000039f40000,0x000000003a040000)]
  0x00000000234a0800 JavaThread "pool-44-thread-3" [_thread_blocked, id=12012, stack(0x0000000039e40000,0x0000000039f40000)]
  0x0000000023499000 JavaThread "pool-44-thread-2" [_thread_blocked, id=5576, stack(0x0000000039d40000,0x0000000039e40000)]
  0x000000002349a800 JavaThread "pool-44-thread-1" [_thread_blocked, id=1700, stack(0x0000000039c40000,0x0000000039d40000)]
  0x00000000234a0000 JavaThread "play-dev-mode-akka.actor.default-dispatcher-68" [_thread_blocked, id=1616, stack(0x0000000039b40000,0x0000000039c40000)]
  0x000000002349d800 JavaThread "play-dev-mode-akka.actor.default-dispatcher-67" [_thread_blocked, id=17900, stack(0x0000000038b40000,0x0000000038c40000)]
  0x00000000234a4800 JavaThread "com.google.common.base.internal.Finalizer" daemon [_thread_blocked, id=20088, stack(0x0000000038a40000,0x0000000038b40000)]
  0x00000000234a8000 JavaThread "application-akka.actor.default-dispatcher-5" [_thread_blocked, id=14188, stack(0x0000000038940000,0x0000000038a40000)]
  0x000000002349d000 JavaThread "application-scheduler-1" [_thread_blocked, id=11340, stack(0x0000000038540000,0x0000000038640000)]
  0x00000000234a1800 JavaThread "AsyncAppender-Worker-ASYNCSTDOUT" daemon [_thread_blocked, id=9248, stack(0x0000000038440000,0x0000000038540000)]
  0x000000002349f000 JavaThread "AsyncAppender-Worker-ASYNCFILE" daemon [_thread_blocked, id=18440, stack(0x0000000038340000,0x0000000038440000)]
  0x000000002349e800 JavaThread "play-dev-mode-akka.actor.default-dispatcher-64" [_thread_blocked, id=11620, stack(0x0000000036a40000,0x0000000036b40000)]
  0x000000002349a000 JavaThread "play-dev-mode-akka.actor.default-dispatcher-63" [_thread_blocked, id=5424, stack(0x0000000036940000,0x0000000036a40000)]
  0x0000000016ddf800 JavaThread "AsyncAppender-Worker-ASYNCFILE" daemon [_thread_blocked, id=6508, stack(0x0000000035d40000,0x0000000035e40000)]
  0x0000000016dd8800 JavaThread "play-dev-mode-akka.actor.default-dispatcher-60" [_thread_in_vm, id=17404, stack(0x0000000034040000,0x0000000034140000)]
  0x0000000016dd6800 JavaThread "play-dev-mode-akka.actor.default-dispatcher-58" [_thread_blocked, id=4632, stack(0x0000000033e40000,0x0000000033f40000)]
  0x0000000015336000 JavaThread "AsyncAppender-Worker-ASYNCFILE" daemon [_thread_blocked, id=19752, stack(0x0000000033040000,0x0000000033140000)]
  0x0000000015339800 JavaThread "play-dev-mode-akka.actor.default-dispatcher-54" [_thread_blocked, id=20252, stack(0x0000000031540000,0x0000000031640000)]
  0x0000000016ddb800 JavaThread "AsyncAppender-Worker-ASYNCFILE" daemon [_thread_blocked, id=7664, stack(0x0000000030c40000,0x0000000030d40000)]
  0x0000000015338000 JavaThread "AsyncAppender-Worker-ASYNCFILE" daemon [_thread_blocked, id=12212, stack(0x000000002dd40000,0x000000002de40000)]
  0x000000001167d800 JavaThread "AsyncAppender-Worker-ASYNCFILE" daemon [_thread_blocked, id=13896, stack(0x000000002bd40000,0x000000002be40000)]
  0x0000000016ddc800 JavaThread "AsyncAppender-Worker-ASYNCFILE" daemon [_thread_blocked, id=14400, stack(0x0000000029d40000,0x0000000029e40000)]
  0x000000001167c800 JavaThread "AsyncAppender-Worker-ASYNCFILE" daemon [_thread_blocked, id=18244, stack(0x0000000027840000,0x0000000027940000)]
  0x0000000016dda000 JavaThread "AsyncAppender-Worker-ASYNCFILE" daemon [_thread_blocked, id=18412, stack(0x0000000025240000,0x0000000025340000)]
  0x0000000016ddb000 JavaThread "Scala Presentation Compiler []" daemon [_thread_blocked, id=4948, stack(0x0000000021170000,0x0000000021270000)]
  0x0000000016dd4000 JavaThread "AsyncAppender-Worker-ASYNCFILE" daemon [_thread_blocked, id=20448, stack(0x000000001e9a0000,0x000000001eaa0000)]
  0x0000000015342000 JavaThread "play-dev-mode-akka.io.pinned-dispatcher-8" [_thread_in_native, id=892, stack(0x000000001c0d0000,0x000000001c1d0000)]
  0x000000001533c000 JavaThread "play-dev-mode-scheduler-1" [_thread_blocked, id=17140, stack(0x000000001b1d0000,0x000000001b2d0000)]
  0x000000001533d000 JavaThread "reloader-timer" daemon [_thread_blocked, id=18528, stack(0x000000001b0d0000,0x000000001b1d0000)]
  0x000000001533a800 JavaThread "play-watch-service" daemon [_thread_blocked, id=13664, stack(0x000000001afd0000,0x000000001b0d0000)]
  0x0000000015336800 JavaThread "Thread-3" daemon [_thread_in_native, id=1340, stack(0x000000001aed0000,0x000000001afd0000)]
  0x0000000011681000 JavaThread "pool-7-thread-1" [_thread_in_native, id=6720, stack(0x000000001a9d0000,0x000000001aad0000)]
  0x000000001167f800 JavaThread "sbt-web-akka.actor.default-dispatcher-6" [_thread_blocked, id=13212, stack(0x000000001a8d0000,0x000000001a9d0000)]
  0x0000000011682000 JavaThread "sbt-web-scheduler-1" [_thread_blocked, id=15028, stack(0x000000001a3d0000,0x000000001a4d0000)]
  0x000000001078a800 JavaThread "Log4j2-TF-1-AsyncLogger[AsyncContext@4b952a2d]-1" daemon [_thread_blocked, id=5060, stack(0x00000000125a0000,0x00000000126a0000)]
  0x000000000ead4800 JavaThread "Service Thread" daemon [_thread_blocked, id=5444, stack(0x000000000ee90000,0x000000000ef90000)]
  0x000000000d144800 JavaThread "C1 CompilerThread2" daemon [_thread_blocked, id=19864, stack(0x000000000e990000,0x000000000ea90000)]
=>0x000000000d137000 JavaThread "C2 CompilerThread1" daemon [_thread_in_vm, id=19220, stack(0x000000000e890000,0x000000000e990000)]
  0x000000000d134000 JavaThread "C2 CompilerThread0" daemon [_thread_in_native, id=18832, stack(0x000000000e790000,0x000000000e890000)]
  0x000000000d132000 JavaThread "Attach Listener" daemon [_thread_blocked, id=14700, stack(0x000000000e690000,0x000000000e790000)]
  0x000000000d131000 JavaThread "Signal Dispatcher" daemon [_thread_blocked, id=8932, stack(0x000000000e590000,0x000000000e690000)]
  0x0000000002e9e000 JavaThread "Finalizer" daemon [_thread_blocked, id=14292, stack(0x000000000e390000,0x000000000e490000)]
  0x0000000002e93800 JavaThread "Reference Handler" daemon [_thread_blocked, id=16784, stack(0x000000000e290000,0x000000000e390000)]
  0x0000000002da3800 JavaThread "main" [_thread_blocked, id=17776, stack(0x00000000014c0000,0x00000000015c0000)]

Other Threads:
  0x000000000d0f7800 VMThread [stack: 0x000000000e190000,0x000000000e290000] [id=20008]
  0x000000000eaf7000 WatcherThread [stack: 0x000000000ef90000,0x000000000f090000] [id=16088]

VM state:not at safepoint (normal execution)

VM Mutex/Monitor currently owned by a thread: None

heap address: 0x00000000e0000000, size: 512 MB, Compressed Oops mode: 32-bit
Narrow klass base: 0x0000000000000000, Narrow klass shift: 3
Compressed class space size: 1073741824 Address: 0x0000000100000000

Heap:
 PSYoungGen      total 111104K, used 16874K [0x00000000f5580000, 0x00000000ffd80000, 0x0000000100000000)
  eden space 110592K, 15% used [0x00000000f5580000,0x00000000f65fa8e8,0x00000000fc180000)
  from space 512K, 0% used [0x00000000fc180000,0x00000000fc180000,0x00000000fc200000)
  to   space 30720K, 0% used [0x00000000fdf80000,0x00000000fdf80000,0x00000000ffd80000)
 ParOldGen       total 194048K, used 114377K [0x00000000e0000000, 0x00000000ebd80000, 0x00000000f5580000)
  object space 194048K, 58% used [0x00000000e0000000,0x00000000e6fb2528,0x00000000ebd80000)
 Metaspace       used 175133K, capacity 198222K, committed 198656K, reserved 1222656K
  class space    used 23319K, capacity 24818K, committed 24832K, reserved 1048576K

Card table byte_map: [0x000000000b0d0000,0x000000000b1e0000] byte_map_base: 0x000000000a9d0000

Marking Bits: (ParMarkBitMap*) 0x0000000066585ce0
 Begin Bits: [0x000000000b690000, 0x000000000be90000)
 End Bits:   [0x000000000be90000, 0x000000000c690000)

Polling page: 0x0000000000fe0000

CodeCache: size=131072Kb used=79545Kb max_used=80781Kb free=51526Kb
 bounds [0x0000000002ed0000, 0x0000000007e30000, 0x000000000aed0000]
 total_blobs=22909 nmethods=22106 adapters=711
 compilation: enabled

Compilation events (10 events):
Event: 1894.181 Thread 0x000000000d137000 27253       4       java.lang.Long::numberOfLeadingZeros (94 bytes)
Event: 1894.182 Thread 0x000000000d137000 nmethod 27253 0x0000000005219f10 code [0x000000000521a040, 0x000000000521a118]
Event: 1894.182 Thread 0x000000000d137000 27254       4       java.lang.Long::toUnsignedString0 (49 bytes)
Event: 1894.186 Thread 0x000000000d134000 27255       4       play.twirl.compiler.Hash$$$Lambda$3859/46014110::apply (5 bytes)
Event: 1894.187 Thread 0x000000000d134000 nmethod 27255 0x0000000005258190 code [0x00000000052582e0, 0x0000000005258418]
Event: 1894.187 Thread 0x000000000d134000 27256       4       scala.collection.mutable.ArrayOps$ofInt::apply (15 bytes)
Event: 1894.188 Thread 0x000000000d137000 nmethod 27254 0x00000000058c4f90 code [0x00000000058c50e0, 0x00000000058c5518]
Event: 1894.188 Thread 0x000000000d137000 27257       4       play.twirl.compiler.Hash$::$anonfun$apply$3 (36 bytes)
Event: 1894.189 Thread 0x000000000d134000 nmethod 27256 0x00000000058bfdd0 code [0x00000000058bff20, 0x00000000058c0078]
Event: 1894.189 Thread 0x000000000d134000 27258       4       java.util.Formatter$FormatSpecifier::print (463 bytes)

GC Heap History (10 events):
Event: 1850.909 GC heap before
{Heap before GC invocations=101 (full 22):
 PSYoungGen      total 140288K, used 127680K [0x00000000f5580000, 0x0000000100000000, 0x0000000100000000)
  eden space 109056K, 100% used [0x00000000f5580000,0x00000000fc000000,0x00000000fc000000)
  from space 31232K, 59% used [0x00000000fe100000,0x00000000ff330060,0x00000000fff80000)
  to   space 32768K, 0% used [0x00000000fc000000,0x00000000fc000000,0x00000000fe000000)
 ParOldGen       total 194048K, used 116709K [0x00000000e0000000, 0x00000000ebd80000, 0x00000000f5580000)
  object space 194048K, 60% used [0x00000000e0000000,0x00000000e71f9420,0x00000000ebd80000)
 Metaspace       used 175065K, capacity 198182K, committed 198400K, reserved 1222656K
  class space    used 23315K, capacity 24813K, committed 24832K, reserved 1048576K
Event: 1850.929 GC heap after
Heap after GC invocations=101 (full 22):
 PSYoungGen      total 141824K, used 14516K [0x00000000f5580000, 0x0000000100000000, 0x0000000100000000)
  eden space 109056K, 0% used [0x00000000f5580000,0x00000000f5580000,0x00000000fc000000)
  from space 32768K, 44% used [0x00000000fc000000,0x00000000fce2d078,0x00000000fe000000)
  to   space 32256K, 0% used [0x00000000fe080000,0x00000000fe080000,0x0000000100000000)
 ParOldGen       total 194048K, used 122489K [0x00000000e0000000, 0x00000000ebd80000, 0x00000000f5580000)
  object space 194048K, 63% used [0x00000000e0000000,0x00000000e779e4e0,0x00000000ebd80000)
 Metaspace       used 175065K, capacity 198182K, committed 198400K, reserved 1222656K
  class space    used 23315K, capacity 24813K, committed 24832K, reserved 1048576K
}
Event: 1852.430 GC heap before
{Heap before GC invocations=102 (full 22):
 PSYoungGen      total 141824K, used 56711K [0x00000000f5580000, 0x0000000100000000, 0x0000000100000000)
  eden space 109056K, 38% used [0x00000000f5580000,0x00000000f7eb4cb8,0x00000000fc000000)
  from space 32768K, 44% used [0x00000000fc000000,0x00000000fce2d078,0x00000000fe000000)
  to   space 32256K, 0% used [0x00000000fe080000,0x00000000fe080000,0x0000000100000000)
 ParOldGen       total 194048K, used 122489K [0x00000000e0000000, 0x00000000ebd80000, 0x00000000f5580000)
  object space 194048K, 63% used [0x00000000e0000000,0x00000000e779e4e0,0x00000000ebd80000)
 Metaspace       used 175372K, capacity 198478K, committed 198656K, reserved 1222656K
  class space    used 23319K, capacity 24819K, committed 24832K, reserved 1048576K
Event: 1852.435 GC heap after
Heap after GC invocations=102 (full 22):
 PSYoungGen      total 142336K, used 1055K [0x00000000f5580000, 0x00000000fff80000, 0x0000000100000000)
  eden space 110592K, 0% used [0x00000000f5580000,0x00000000f5580000,0x00000000fc180000)
  from space 31744K, 3% used [0x00000000fe080000,0x00000000fe187d68,0x00000000fff80000)
  to   space 31744K, 0% used [0x00000000fc180000,0x00000000fc180000,0x00000000fe080000)
 ParOldGen       total 194048K, used 124425K [0x00000000e0000000, 0x00000000ebd80000, 0x00000000f5580000)
  object space 194048K, 64% used [0x00000000e0000000,0x00000000e7982580,0x00000000ebd80000)
 Metaspace       used 175372K, capacity 198478K, committed 198656K, reserved 1222656K
  class space    used 23319K, capacity 24819K, committed 24832K, reserved 1048576K
}
Event: 1852.435 GC heap before
{Heap before GC invocations=103 (full 23):
 PSYoungGen      total 142336K, used 1055K [0x00000000f5580000, 0x00000000fff80000, 0x0000000100000000)
  eden space 110592K, 0% used [0x00000000f5580000,0x00000000f5580000,0x00000000fc180000)
  from space 31744K, 3% used [0x00000000fe080000,0x00000000fe187d68,0x00000000fff80000)
  to   space 31744K, 0% used [0x00000000fc180000,0x00000000fc180000,0x00000000fe080000)
 ParOldGen       total 194048K, used 124425K [0x00000000e0000000, 0x00000000ebd80000, 0x00000000f5580000)
  object space 194048K, 64% used [0x00000000e0000000,0x00000000e7982580,0x00000000ebd80000)
 Metaspace       used 175372K, capacity 198478K, committed 198656K, reserved 1222656K
  class space    used 23319K, capacity 24819K, committed 24832K, reserved 1048576K
Event: 1852.803 GC heap after
Heap after GC invocations=103 (full 23):
 PSYoungGen      total 142336K, used 0K [0x00000000f5580000, 0x00000000fff80000, 0x0000000100000000)
  eden space 110592K, 0% used [0x00000000f5580000,0x00000000f5580000,0x00000000fc180000)
  from space 31744K, 0% used [0x00000000fe080000,0x00000000fe080000,0x00000000fff80000)
  to   space 31744K, 0% used [0x00000000fc180000,0x00000000fc180000,0x00000000fe080000)
 ParOldGen       total 194048K, used 115303K [0x00000000e0000000, 0x00000000ebd80000, 0x00000000f5580000)
  object space 194048K, 59% used [0x00000000e0000000,0x00000000e7099c40,0x00000000ebd80000)
 Metaspace       used 175124K, capacity 198216K, committed 198656K, reserved 1222656K
  class space    used 23317K, capacity 24817K, committed 24832K, reserved 1048576K
}
Event: 1852.804 GC heap before
{Heap before GC invocations=104 (full 23):
 PSYoungGen      total 142336K, used 366K [0x00000000f5580000, 0x00000000fff80000, 0x0000000100000000)
  eden space 110592K, 0% used [0x00000000f5580000,0x00000000f55dba50,0x00000000fc180000)
  from space 31744K, 0% used [0x00000000fe080000,0x00000000fe080000,0x00000000fff80000)
  to   space 31744K, 0% used [0x00000000fc180000,0x00000000fc180000,0x00000000fe080000)
 ParOldGen       total 194048K, used 115303K [0x00000000e0000000, 0x00000000ebd80000, 0x00000000f5580000)
  object space 194048K, 59% used [0x00000000e0000000,0x00000000e7099c40,0x00000000ebd80000)
 Metaspace       used 175124K, capacity 198216K, committed 198656K, reserved 1222656K
  class space    used 23317K, capacity 24817K, committed 24832K, reserved 1048576K
Event: 1852.808 GC heap after
Heap after GC invocations=104 (full 23):
 PSYoungGen      total 111104K, used 96K [0x00000000f5580000, 0x00000000ffd80000, 0x0000000100000000)
  eden space 110592K, 0% used [0x00000000f5580000,0x00000000f5580000,0x00000000fc180000)
  from space 512K, 18% used [0x00000000fc180000,0x00000000fc198000,0x00000000fc200000)
  to   space 30720K, 0% used [0x00000000fdf80000,0x00000000fdf80000,0x00000000ffd80000)
 ParOldGen       total 194048K, used 115303K [0x00000000e0000000, 0x00000000ebd80000, 0x00000000f5580000)
  object space 194048K, 59% used [0x00000000e0000000,0x00000000e7099c40,0x00000000ebd80000)
 Metaspace       used 175124K, capacity 198216K, committed 198656K, reserved 1222656K
  class space    used 23317K, capacity 24817K, committed 24832K, reserved 1048576K
}
Event: 1852.808 GC heap before
{Heap before GC invocations=105 (full 24):
 PSYoungGen      total 111104K, used 96K [0x00000000f5580000, 0x00000000ffd80000, 0x0000000100000000)
  eden space 110592K, 0% used [0x00000000f5580000,0x00000000f5580000,0x00000000fc180000)
  from space 512K, 18% used [0x00000000fc180000,0x00000000fc198000,0x00000000fc200000)
  to   space 30720K, 0% used [0x00000000fdf80000,0x00000000fdf80000,0x00000000ffd80000)
 ParOldGen       total 194048K, used 115303K [0x00000000e0000000, 0x00000000ebd80000, 0x00000000f5580000)
  object space 194048K, 59% used [0x00000000e0000000,0x00000000e7099c40,0x00000000ebd80000)
 Metaspace       used 175124K, capacity 198216K, committed 198656K, reserved 1222656K
  class space    used 23317K, capacity 24817K, committed 24832K, reserved 1048576K
Event: 1852.988 GC heap after
Heap after GC invocations=105 (full 24):
 PSYoungGen      total 111104K, used 0K [0x00000000f5580000, 0x00000000ffd80000, 0x0000000100000000)
  eden space 110592K, 0% used [0x00000000f5580000,0x00000000f5580000,0x00000000fc180000)
  from space 512K, 0% used [0x00000000fc180000,0x00000000fc180000,0x00000000fc200000)
  to   space 30720K, 0% used [0x00000000fdf80000,0x00000000fdf80000,0x00000000ffd80000)
 ParOldGen       total 194048K, used 114377K [0x00000000e0000000, 0x00000000ebd80000, 0x00000000f5580000)
  object space 194048K, 58% used [0x00000000e0000000,0x00000000e6fb2528,0x00000000ebd80000)
 Metaspace       used 175124K, capacity 198216K, committed 198656K, reserved 1222656K
  class space    used 23317K, capacity 24817K, committed 24832K, reserved 1048576K
}

Deoptimization events (10 events):
Event: 1850.752 Thread 0x000000002349b800 Uncommon trap: reason=class_check action=maybe_recompile pc=0x000000000470e654 method=scala.reflect.internal.Symbols$Symbol.isLess(Lscala/reflect/internal/Symbols$Symbol;)Z @ 8
Event: 1850.933 Thread 0x000000002349b800 Uncommon trap: reason=class_check action=maybe_recompile pc=0x000000000750f5dc method=scala.reflect.internal.Types$CompoundType.memo(Lscala/Function0;Lscala/Function1;)Ljava/lang/Object; @ 42
Event: 1851.512 Thread 0x000000002349b800 Uncommon trap: reason=class_check action=maybe_recompile pc=0x0000000006036c28 method=scala.collection.MapOps.apply(Ljava/lang/Object;)Ljava/lang/Object; @ 20
Event: 1851.601 Thread 0x000000002349b800 Uncommon trap: reason=class_check action=maybe_recompile pc=0x00000000061c1654 method=scala.reflect.internal.Types$Type.findDecl(Lscala/reflect/internal/Names$Name;J)Lscala/reflect/internal/Symbols$Symbol; @ 160
Event: 1851.601 Thread 0x000000002349b800 Uncommon trap: reason=class_check action=maybe_recompile pc=0x0000000005149124 method=scala.reflect.internal.Symbols$Symbol.filter(Lscala/Function1;)Lscala/reflect/internal/Symbols$Symbol; @ 110
Event: 1851.749 Thread 0x000000002349b800 Uncommon trap: reason=unstable_if action=reinterpret pc=0x0000000004de85f0 method=scala.reflect.internal.transform.PostErasure$elimErasedValueType$.apply(Lscala/reflect/internal/Types$Type;)Lscala/reflect/internal/Types$Type; @ 140
Event: 1851.749 Thread 0x000000002349b800 Uncommon trap: reason=unstable_if action=reinterpret pc=0x0000000007b15abc method=scala.reflect.internal.transform.PostErasure$elimErasedValueType$.apply(Lscala/reflect/internal/Types$Type;)Lscala/reflect/internal/Types$Type; @ 140
Event: 1851.780 Thread 0x000000002349b800 Uncommon trap: reason=bimorphic action=maybe_recompile pc=0x000000000703cba0 method=scala.reflect.internal.tpe.TypeComparers.classOnRight$1(Lscala/reflect/internal/Types$TypeRef;Lscala/reflect/internal/Types$Type;Lscala/reflect/internal/Symbols$Symbol;ILs
Event: 1852.277 Thread 0x000000002349b800 Uncommon trap: reason=class_check action=maybe_recompile pc=0x000000000503e910 method=scala.tools.nsc.transform.LambdaLift$$anon$1.apply(Lscala/reflect/internal/Types$Type;)Lscala/reflect/internal/Types$Type; @ 231
Event: 1854.813 Thread 0x000000002349a000 Uncommon trap: reason=unstable_if action=reinterpret pc=0x000000000567bc6c method=akka.dispatch.forkjoin.ForkJoinPool.scan(Lakka/dispatch/forkjoin/ForkJoinPool$WorkQueue;)Lakka/dispatch/forkjoin/ForkJoinTask; @ 483

Classes redefined (0 events):
No events

Internal exceptions (10 events):
Event: 1850.190 Thread 0x000000002349b800 Exception <a 'java/lang/ClassNotFoundException': com/sun/tools/javadoc/api/JavadocTool> (0x00000000fa157e10) thrown at [C:\re\workspace\8-2-build-windows-amd64-cygwin\jdk8u221\13320\hotspot\src\share\vm\classfile\systemDictionary.cpp, line 210]
Event: 1850.190 Thread 0x000000002349b800 Exception <a 'java/lang/NullPointerException'> (0x00000000fa158290) thrown at [C:\re\workspace\8-2-build-windows-amd64-cygwin\jdk8u221\13320\hotspot\src\share\vm\interpreter\linkResolver.cpp, line 1185]
Event: 1850.197 Thread 0x000000002349b800 Exception <a 'sun/nio/fs/WindowsException'> (0x00000000fa24a318) thrown at [C:\re\workspace\8-2-build-windows-amd64-cygwin\jdk8u221\13320\hotspot\src\share\vm\prims\jni.cpp, line 710]
Event: 1851.875 Thread 0x000000002349b800 Exception <a 'sun/nio/fs/WindowsException'> (0x00000000f758d0b0) thrown at [C:\re\workspace\8-2-build-windows-amd64-cygwin\jdk8u221\13320\hotspot\src\share\vm\prims\jni.cpp, line 710]
Event: 1852.209 Thread 0x000000002349b800 Exception <a 'sun/nio/fs/WindowsException'> (0x00000000f7ac9490) thrown at [C:\re\workspace\8-2-build-windows-amd64-cygwin\jdk8u221\13320\hotspot\src\share\vm\prims\jni.cpp, line 710]
Event: 1852.314 Thread 0x000000002349b800 Exception <a 'sun/nio/fs/WindowsException'> (0x00000000f7b6fc58) thrown at [C:\re\workspace\8-2-build-windows-amd64-cygwin\jdk8u221\13320\hotspot\src\share\vm\prims\jni.cpp, line 710]
Event: 1894.089 Thread 0x0000000023499000 Exception <a 'sun/nio/fs/WindowsException'> (0x00000000f61d5b38) thrown at [C:\re\workspace\8-2-build-windows-amd64-cygwin\jdk8u221\13320\hotspot\src\share\vm\prims\jni.cpp, line 710]
Event: 1894.090 Thread 0x0000000023499000 Exception <a 'sun/nio/fs/WindowsException'> (0x00000000f61d63d8) thrown at [C:\re\workspace\8-2-build-windows-amd64-cygwin\jdk8u221\13320\hotspot\src\share\vm\prims\jni.cpp, line 710]
Event: 1894.092 Thread 0x0000000023499000 Exception <a 'sun/nio/fs/WindowsException'> (0x00000000f61e5a10) thrown at [C:\re\workspace\8-2-build-windows-amd64-cygwin\jdk8u221\13320\hotspot\src\share\vm\prims\jni.cpp, line 710]
Event: 1894.092 Thread 0x0000000023499000 Exception <a 'sun/nio/fs/WindowsException'> (0x00000000f61e6290) thrown at [C:\re\workspace\8-2-build-windows-amd64-cygwin\jdk8u221\13320\hotspot\src\share\vm\prims\jni.cpp, line 710]

Events (10 events):
Event: 1894.088 Thread 0x00000000234a2000 Thread added: 0x00000000234a2000
Event: 1894.088 Thread 0x000000002349c000 Thread added: 0x000000002349c000
Event: 1894.088 Thread 0x000000000d144800 flushing nmethod 0x0000000005e5ed50
Event: 1894.089 Thread 0x000000000d144800 flushing nmethod 0x0000000006061910
Event: 1894.094 Thread 0x000000002349b800 Thread added: 0x000000002349b800
Event: 1894.108 Executing VM operation: RevokeBias
Event: 1894.164 Executing VM operation: RevokeBias done
Event: 1894.177 Executing VM operation: RevokeBias
Event: 1894.178 Executing VM operation: RevokeBias done
Event: 1894.183 Thread 0x000000000d134000 flushing nmethod 0x00000000073bcb50


Dynamic libraries:
0x00007ff607750000 - 0x00007ff607787000 	C:\Program Files (x86)\Common Files\Oracle\Java\javapath\java.exe
0x00007ffdf27e0000 - 0x00007ffdf29cd000 	C:\WINDOWS\SYSTEM32\ntdll.dll
0x00007ffdf26c0000 - 0x00007ffdf2773000 	C:\WINDOWS\System32\KERNEL32.DLL
0x00007ffdef630000 - 0x00007ffdef8c3000 	C:\WINDOWS\System32\KERNELBASE.dll
0x00007ffdf0540000 - 0x00007ffdf05e3000 	C:\WINDOWS\System32\ADVAPI32.dll
0x00007ffdf2340000 - 0x00007ffdf23de000 	C:\WINDOWS\System32\msvcrt.dll
0x00007ffdf0220000 - 0x00007ffdf02be000 	C:\WINDOWS\System32\sechost.dll
0x00007ffdeff20000 - 0x00007ffdf0042000 	C:\WINDOWS\System32\RPCRT4.dll
0x00007ffdf03a0000 - 0x00007ffdf0537000 	C:\WINDOWS\System32\USER32.dll
0x00007ffdee900000 - 0x00007ffdee920000 	C:\WINDOWS\System32\win32u.dll
0x00007ffdf2620000 - 0x00007ffdf2649000 	C:\WINDOWS\System32\GDI32.dll
0x00007ffdef3d0000 - 0x00007ffdef569000 	C:\WINDOWS\System32\gdi32full.dll
0x00007ffdef570000 - 0x00007ffdef610000 	C:\WINDOWS\System32\msvcp_win.dll
0x00007ffdef2d0000 - 0x00007ffdef3ca000 	C:\WINDOWS\System32\ucrtbase.dll
0x00007ffde0c70000 - 0x00007ffde0ee9000 	C:\WINDOWS\WinSxS\amd64_microsoft.windows.common-controls_6595b64144ccf1df_6.0.17763.737_none_05b6437c071e554b\COMCTL32.dll
0x00007ffdf0680000 - 0x00007ffdf09ac000 	C:\WINDOWS\System32\combase.dll
0x00007ffdef250000 - 0x00007ffdef2ce000 	C:\WINDOWS\System32\bcryptPrimitives.dll
0x00007ffdf2780000 - 0x00007ffdf27ae000 	C:\WINDOWS\System32\IMM32.DLL
0x0000000066610000 - 0x00000000666e2000 	C:\Program Files\Java\jre1.8.0_221\bin\msvcr100.dll
0x0000000065d60000 - 0x0000000066605000 	C:\Program Files\Java\jre1.8.0_221\bin\server\jvm.dll
0x00007ffdefb30000 - 0x00007ffdefb38000 	C:\WINDOWS\System32\PSAPI.DLL
0x00007ffdea070000 - 0x00007ffdea094000 	C:\WINDOWS\SYSTEM32\WINMM.dll
0x00007ffdea0a0000 - 0x00007ffdea0aa000 	C:\WINDOWS\SYSTEM32\VERSION.dll
0x00007ffde85c0000 - 0x00007ffde85c9000 	C:\WINDOWS\SYSTEM32\WSOCK32.dll
0x00007ffdf2650000 - 0x00007ffdf26bd000 	C:\WINDOWS\System32\WS2_32.dll
0x00007ffdea040000 - 0x00007ffdea06d000 	C:\WINDOWS\SYSTEM32\WINMMBASE.dll
0x00007ffdef980000 - 0x00007ffdef9ca000 	C:\WINDOWS\System32\cfgmgr32.dll
0x00007ffddca10000 - 0x00007ffddca1f000 	C:\Program Files\Java\jre1.8.0_221\bin\verify.dll
0x00007ffdd1410000 - 0x00007ffdd1439000 	C:\Program Files\Java\jre1.8.0_221\bin\java.dll
0x00007ffdd8ca0000 - 0x00007ffdd8cb6000 	C:\Program Files\Java\jre1.8.0_221\bin\zip.dll
0x00007ffdf0e40000 - 0x00007ffdf2332000 	C:\WINDOWS\System32\SHELL32.dll
0x00007ffdf2570000 - 0x00007ffdf2618000 	C:\WINDOWS\System32\shcore.dll
0x00007ffdeeb00000 - 0x00007ffdef24a000 	C:\WINDOWS\System32\windows.storage.dll
0x00007ffdee850000 - 0x00007ffdee874000 	C:\WINDOWS\System32\profapi.dll
0x00007ffdee7f0000 - 0x00007ffdee84d000 	C:\WINDOWS\System32\powrprof.dll
0x00007ffdefad0000 - 0x00007ffdefb22000 	C:\WINDOWS\System32\shlwapi.dll
0x00007ffdee880000 - 0x00007ffdee891000 	C:\WINDOWS\System32\kernel.appcore.dll
0x00007ffdef610000 - 0x00007ffdef627000 	C:\WINDOWS\System32\cryptsp.dll
0x00007ffdd8120000 - 0x00007ffdd813a000 	C:\Program Files\Java\jre1.8.0_221\bin\net.dll
0x00007ffde1b40000 - 0x00007ffde1d17000 	C:\WINDOWS\SYSTEM32\urlmon.dll
0x00007ffde4790000 - 0x00007ffde4a38000 	C:\WINDOWS\SYSTEM32\iertutil.dll
0x00007ffdee210000 - 0x00007ffdee21c000 	C:\WINDOWS\SYSTEM32\CRYPTBASE.DLL
0x00007ffdee040000 - 0x00007ffdee0a7000 	C:\WINDOWS\system32\mswsock.dll
0x00007ffdd13f0000 - 0x00007ffdd1402000 	C:\Program Files\Java\jre1.8.0_221\bin\nio.dll
0x00007ffdedbc0000 - 0x00007ffdedbf3000 	C:\WINDOWS\system32\rsaenh.dll
0x00007ffdef9d0000 - 0x00007ffdef9f6000 	C:\WINDOWS\System32\bcrypt.dll
0x00007ffdee700000 - 0x00007ffdee728000 	C:\WINDOWS\SYSTEM32\USERENV.dll
0x00007ffdedd60000 - 0x00007ffdedd9d000 	C:\WINDOWS\SYSTEM32\IPHLPAPI.DLL
0x00007ffdf0e30000 - 0x00007ffdf0e38000 	C:\WINDOWS\System32\NSI.dll
0x00007ffde7c30000 - 0x00007ffde7c46000 	C:\WINDOWS\SYSTEM32\dhcpcsvc6.DLL
0x00007ffde8540000 - 0x00007ffde855c000 	C:\WINDOWS\SYSTEM32\dhcpcsvc.DLL
0x00007ffdedda0000 - 0x00007ffdede66000 	C:\WINDOWS\SYSTEM32\DNSAPI.dll
0x00007ffddc330000 - 0x00007ffddc33a000 	C:\Users\User\AppData\Local\Temp\jansi-64-1-6670975574185464024.11
0x00007ffddc210000 - 0x00007ffddc21d000 	C:\Program Files\Java\jre1.8.0_221\bin\management.dll
0x00007ffdd9e50000 - 0x00007ffdd9e66000 	C:\WINDOWS\system32\napinsp.dll
0x00007ffdd9e30000 - 0x00007ffdd9e4a000 	C:\WINDOWS\system32\pnrpnsp.dll
0x00007ffdd9e20000 - 0x00007ffdd9e2e000 	C:\WINDOWS\System32\winrnr.dll
0x00007ffdeb520000 - 0x00007ffdeb53b000 	C:\WINDOWS\system32\NLAapi.dll
0x00007ffddc360000 - 0x00007ffddc375000 	C:\WINDOWS\system32\wshbth.dll
0x00007ffde44c0000 - 0x00007ffde44ca000 	C:\Windows\System32\rasadhlp.dll
0x00007ffde8320000 - 0x00007ffde8399000 	C:\WINDOWS\System32\fwpuclnt.dll
0x00007ffdca410000 - 0x00007ffdca452000 	C:\Users\User\AppData\Local\Temp\jna-2645995\jna193428412220286416.dll
0x00007ffdd0e70000 - 0x00007ffdd0e94000 	C:\Program Files\Java\jre1.8.0_221\bin\sunec.dll
0x00007ffdd8200000 - 0x00007ffdd820b000 	C:\Program Files\Java\jre1.8.0_221\bin\sunmscapi.dll
0x00007ffdee920000 - 0x00007ffdeeafb000 	C:\WINDOWS\System32\CRYPT32.dll
0x00007ffdee7d0000 - 0x00007ffdee7e2000 	C:\WINDOWS\System32\MSASN1.dll
0x00007ffded840000 - 0x00007ffded871000 	C:\WINDOWS\SYSTEM32\ntmarta.dll

VM Arguments:
jvm_args: -Xmx512M -XX:MaxPermSize=256m -XX:ReservedCodeCacheSize=128m -Dsbt.log.format=true 
java_command: xsbt.boot.Boot run
java_class_path (initial): C:\Program Files (x86)\sbt\bin\sbt-launch.jar
Launcher Type: SUN_STANDARD

Environment Variables:
CLASSPATH=.;
PATH=C:\Program Files (x86)\Common Files\Oracle\Java\javapath;C:\ProgramData\Oracle\Java\javapath;C:\Windows\system32;C:\Windows;C:\Windows\System32\Wbem;C:\Windows\System32\WindowsPowerShell\v1.0\;C:\Program Files (x86)\NVIDIA Corporation\PhysX\Common;C:\ProgramData\ComposerSetup\bin;C:\WINDOWS\system32;C:\WINDOWS;C:\WINDOWS\System32\Wbem;C:\WINDOWS\System32\WindowsPowerShell\v1.0\;C:\Program Files (x86)\Yarn\bin;C:\Program Files\PuTTY\;C:\Program Files\Git\cmd;C:\WINDOWS\System32\OpenSSH\;C:\Program Files\Common Files\Autodesk Shared\;C:\Program Files (x86)\Autodesk\Backburner\;C:\Program Files\nodejs\;C:\Program Files\TortoiseGit\bin;C:\Program Files (x86)\scala\bin;C:\Program Files (x86)\sbt\bin;C:\Profram Files\Java\jdk1.8.0_221\bin;C:\Program Files\Java\jdk1.8.0_221\bin;C:\Users\User\AppData\Local\Microsoft\WindowsApps;C:\Program Files\Microsoft VS Code\bin;C:\Users\User\AppData\Roaming\Composer\vendor\bin;C:\Users\User\AppData\Local\Microsoft\WindowsApps;C:\Users\User\AppData\Local\Yarn\bin;F:\OSPanel\modules\php\PHP-5.5;F:\OSPanel\domains\sixgill.local\vendor\bin;C:\Users\User\AppData\Local\Programs\Microsoft VS Code\bin;C:\Users\User\AppData\Roaming\npm;
USERNAME=User
OS=Windows_NT
PROCESSOR_IDENTIFIER=AMD64 Family 23 Model 1 Stepping 1, AuthenticAMD



---------------  S Y S T E M  ---------------

OS: Windows 10.0 , 64 bit Build 17763 (10.0.17763.475)

CPU:total 4 (initial active 4) (4 cores per cpu, 1 threads per core) family 23 model 1 stepping 1, cmov, cx8, fxsr, mmx, sse, sse2, sse3, ssse3, sse4.1, sse4.2, popcnt, avx, avx2, aes, clmul, mmxext, 3dnowpref, lzcnt, sse4a, tsc, tscinvbit, tscinv, bmi1

Memory: 4k page, physical 16706324k(3964800k free), swap 20403116k(2380k free)

vm_info: Java HotSpot(TM) 64-Bit Server VM (25.221-b11) for windows-amd64 JRE (1.8.0_221-b11), built on Jul  4 2019 04:39:29 by "java_re" with MS VC++ 10.0 (VS2010)

time: Wed Oct 09 19:00:47 2019
timezone: RTZ 2 (зима)
elapsed time: 1894 seconds (0d 0h 31m 34s)

